<?xml version="1.0" encoding="UTF-8"?>
<!-- Generated by org.testng.reporters.JUnitReportReporter -->
<testsuite skipped="0" hostname="BLR1-LHP-N04230" name="exercise.salesForce.SalesForceAutomation" tests="1" failures="0" timestamp="2020-07-25T11:06:32 IST" time="31.557" errors="0">
  <testcase name="login" time="31.557" classname="exercise.salesForce.SalesForceAutomation"/>
  <system-out/>
</testsuite> <!-- exercise.salesForce.SalesForceAutomation -->
